app/build/intermediates/manifest_merge_blame_file/release/processReleaseMainManifest/manifest-merger-blame-release-report.txt
1<?xml version="1.0" encoding="utf-8"?>
2<manifest xmlns:android="http://schemas.android.com/apk/res/android"
3    package="com.buddingintents.promptgen"
4    android:versionCode="2"
5    android:versionName="1.1" >
6
7    <uses-sdk
8        android:minSdkVersion="24"
9        android:targetSdkVersion="36" />
10
11    <uses-permission android:name="android.permission.INTERNET" />
11-->src\main\AndroidManifest.xml:3:5-66
11-->src\main\AndroidManifest.xml:3:22-64
12    <uses-permission android:name="android.permission.ACCESS_NETWORK_STATE" />
12-->[com.google.firebase:firebase-auth:23.0.0] AndroidManifest.xml:26:5-79
12-->[com.google.firebase:firebase-auth:23.0.0] AndroidManifest.xml:26:22-76
13    <uses-permission android:name="android.permission.WAKE_LOCK" />
13-->[com.google.android.gms:play-services-measurement-api:22.0.2] AndroidManifest.xml:24:5-68
13-->[com.google.android.gms:play-services-measurement-api:22.0.2] AndroidManifest.xml:24:22-65
14    <uses-permission android:name="com.google.android.gms.permission.AD_ID" />
14-->[com.google.android.gms:play-services-measurement-api:22.0.2] AndroidManifest.xml:25:5-79
14-->[com.google.android.gms:play-services-measurement-api:22.0.2] AndroidManifest.xml:25:22-76
15    <uses-permission android:name="android.permission.ACCESS_ADSERVICES_ATTRIBUTION" />
15-->[com.google.android.gms:play-services-measurement-api:22.0.2] AndroidManifest.xml:26:5-88
15-->[com.google.android.gms:play-services-measurement-api:22.0.2] AndroidManifest.xml:26:22-85
16    <uses-permission android:name="android.permission.ACCESS_ADSERVICES_AD_ID" />
16-->[com.google.android.gms:play-services-measurement-api:22.0.2] AndroidManifest.xml:27:5-82
16-->[com.google.android.gms:play-services-measurement-api:22.0.2] AndroidManifest.xml:27:22-79
17    <uses-permission android:name="android.permission.ACCESS_ADSERVICES_TOPICS" /> <!-- Android package visibility setting -->
17-->[com.google.android.gms:play-services-ads-api:24.6.0] AndroidManifest.xml:29:5-83
17-->[com.google.android.gms:play-services-ads-api:24.6.0] AndroidManifest.xml:29:22-80
18    <queries>
18-->[com.google.android.gms:play-services-ads-api:24.6.0] AndroidManifest.xml:35:5-68:15
19
20        <!-- For browser content -->
21        <intent>
21-->[com.google.android.gms:play-services-ads-api:24.6.0] AndroidManifest.xml:38:9-44:18
22            <action android:name="android.intent.action.VIEW" />
22-->[com.google.firebase:firebase-auth:23.0.0] AndroidManifest.xml:36:17-69
22-->[com.google.firebase:firebase-auth:23.0.0] AndroidManifest.xml:36:25-66
23
24            <category android:name="android.intent.category.BROWSABLE" />
24-->[com.google.firebase:firebase-auth:23.0.0] AndroidManifest.xml:39:17-78
24-->[com.google.firebase:firebase-auth:23.0.0] AndroidManifest.xml:39:27-75
25
26            <data android:scheme="https" />
26-->[com.google.firebase:firebase-auth:23.0.0] AndroidManifest.xml:41:17-44:51
26-->[com.google.firebase:firebase-auth:23.0.0] AndroidManifest.xml:44:21-48
27        </intent>
28        <!-- End of browser content -->
29        <!-- For CustomTabsService -->
30        <intent>
30-->[com.google.android.gms:play-services-ads-api:24.6.0] AndroidManifest.xml:47:9-49:18
31            <action android:name="android.support.customtabs.action.CustomTabsService" />
31-->[com.google.android.gms:play-services-ads-api:24.6.0] AndroidManifest.xml:48:13-90
31-->[com.google.android.gms:play-services-ads-api:24.6.0] AndroidManifest.xml:48:21-87
32        </intent>
33        <!-- End of CustomTabsService -->
34        <!-- For MRAID capabilities -->
35        <intent>
35-->[com.google.android.gms:play-services-ads-api:24.6.0] AndroidManifest.xml:52:9-56:18
36            <action android:name="android.intent.action.INSERT" />
36-->[com.google.android.gms:play-services-ads-api:24.6.0] AndroidManifest.xml:53:13-67
36-->[com.google.android.gms:play-services-ads-api:24.6.0] AndroidManifest.xml:53:21-64
37
38            <data android:mimeType="vnd.android.cursor.dir/event" />
38-->[com.google.firebase:firebase-auth:23.0.0] AndroidManifest.xml:41:17-44:51
39        </intent>
40        <intent>
40-->[com.google.android.gms:play-services-ads-api:24.6.0] AndroidManifest.xml:57:9-61:18
41            <action android:name="android.intent.action.VIEW" />
41-->[com.google.firebase:firebase-auth:23.0.0] AndroidManifest.xml:36:17-69
41-->[com.google.firebase:firebase-auth:23.0.0] AndroidManifest.xml:36:25-66
42
43            <data android:scheme="sms" />
43-->[com.google.firebase:firebase-auth:23.0.0] AndroidManifest.xml:41:17-44:51
43-->[com.google.firebase:firebase-auth:23.0.0] AndroidManifest.xml:44:21-48
44        </intent>
45        <intent>
45-->[com.google.android.gms:play-services-ads-api:24.6.0] AndroidManifest.xml:62:9-66:18
46            <action android:name="android.intent.action.DIAL" />
46-->[com.google.android.gms:play-services-ads-api:24.6.0] AndroidManifest.xml:63:13-65
46-->[com.google.android.gms:play-services-ads-api:24.6.0] AndroidManifest.xml:63:21-62
47
48            <data android:path="tel:" />
48-->[com.google.firebase:firebase-auth:23.0.0] AndroidManifest.xml:41:17-44:51
48-->[com.google.firebase:firebase-auth:23.0.0] AndroidManifest.xml:43:21-37
49        </intent>
50        <!-- End of MRAID capabilities -->
51    </queries>
52
53    <uses-permission android:name="com.google.android.finsky.permission.BIND_GET_INSTALL_REFERRER_SERVICE" />
53-->[com.google.android.gms:play-services-measurement:22.0.2] AndroidManifest.xml:26:5-110
53-->[com.google.android.gms:play-services-measurement:22.0.2] AndroidManifest.xml:26:22-107
54    <uses-permission android:name="com.google.android.providers.gsf.permission.READ_GSERVICES" />
54-->[com.google.android.recaptcha:recaptcha:18.4.0] AndroidManifest.xml:9:5-98
54-->[com.google.android.recaptcha:recaptcha:18.4.0] AndroidManifest.xml:9:22-95
55    <uses-permission android:name="android.permission.FOREGROUND_SERVICE" />
55-->[androidx.work:work-runtime:2.7.0] AndroidManifest.xml:28:5-77
55-->[androidx.work:work-runtime:2.7.0] AndroidManifest.xml:28:22-74
56
57    <permission
57-->[androidx.core:core:1.13.0] AndroidManifest.xml:22:5-24:47
58        android:name="com.buddingintents.promptgen.DYNAMIC_RECEIVER_NOT_EXPORTED_PERMISSION"
58-->[androidx.core:core:1.13.0] AndroidManifest.xml:23:9-81
59        android:protectionLevel="signature" />
59-->[androidx.core:core:1.13.0] AndroidManifest.xml:24:9-44
60
61    <uses-permission android:name="com.buddingintents.promptgen.DYNAMIC_RECEIVER_NOT_EXPORTED_PERMISSION" />
61-->[androidx.core:core:1.13.0] AndroidManifest.xml:26:5-97
61-->[androidx.core:core:1.13.0] AndroidManifest.xml:26:22-94
62
63    <application
63-->src\main\AndroidManifest.xml:4:5-32:19
64        android:allowBackup="true"
64-->src\main\AndroidManifest.xml:5:9-35
65        android:appComponentFactory="androidx.core.app.CoreComponentFactory"
65-->[androidx.core:core:1.13.0] AndroidManifest.xml:28:18-86
66        android:extractNativeLibs="false"
67        android:label="PromptGen"
67-->src\main\AndroidManifest.xml:6:9-34
68        android:supportsRtl="true"
68-->src\main\AndroidManifest.xml:7:9-35
69        android:theme="@style/Theme.PromptGen" >
69-->src\main\AndroidManifest.xml:8:9-47
70        <activity
70-->src\main\AndroidManifest.xml:11:9-23:20
71            android:name="com.buddingintents.promptgen.MainActivity"
71-->src\main\AndroidManifest.xml:11:19-47
72            android:exported="true"
72-->src\main\AndroidManifest.xml:12:13-36
73            android:icon="@mipmap/ic_launcher"
73-->src\main\AndroidManifest.xml:14:13-47
74            android:label="@string/app_name"
74-->src\main\AndroidManifest.xml:16:13-45
75            android:roundIcon="@mipmap/ic_launcher_round" >
75-->src\main\AndroidManifest.xml:15:13-58
76            <intent-filter>
76-->src\main\AndroidManifest.xml:19:13-22:29
77                <action android:name="android.intent.action.MAIN" />
77-->src\main\AndroidManifest.xml:20:17-68
77-->src\main\AndroidManifest.xml:20:25-66
78
79                <category android:name="android.intent.category.LAUNCHER" />
79-->src\main\AndroidManifest.xml:21:17-76
79-->src\main\AndroidManifest.xml:21:27-74
80            </intent-filter>
81        </activity>
82        <activity
82-->src\main\AndroidManifest.xml:24:9-25:40
83            android:name="com.buddingintents.promptgen.SettingsActivity"
83-->src\main\AndroidManifest.xml:24:19-51
84            android:exported="false" />
84-->src\main\AndroidManifest.xml:25:13-37
85        <activity
85-->src\main\AndroidManifest.xml:26:9-27:39
86            android:name="com.buddingintents.promptgen.HistoryActivity"
86-->src\main\AndroidManifest.xml:26:19-50
87            android:exported="false" />
87-->src\main\AndroidManifest.xml:27:13-37
88
89        <meta-data
89-->src\main\AndroidManifest.xml:29:9-31:69
90            android:name="com.google.android.gms.ads.APPLICATION_ID"
90-->src\main\AndroidManifest.xml:30:13-69
91            android:value="ca-app-pub-2020561089374332~2700277652" />
91-->src\main\AndroidManifest.xml:31:13-67
92
93        <activity
93-->[com.google.firebase:firebase-auth:23.0.0] AndroidManifest.xml:29:9-46:20
94            android:name="com.google.firebase.auth.internal.GenericIdpActivity"
94-->[com.google.firebase:firebase-auth:23.0.0] AndroidManifest.xml:30:13-80
95            android:excludeFromRecents="true"
95-->[com.google.firebase:firebase-auth:23.0.0] AndroidManifest.xml:31:13-46
96            android:exported="true"
96-->[com.google.firebase:firebase-auth:23.0.0] AndroidManifest.xml:32:13-36
97            android:launchMode="singleTask"
97-->[com.google.firebase:firebase-auth:23.0.0] AndroidManifest.xml:33:13-44
98            android:theme="@android:style/Theme.Translucent.NoTitleBar" >
98-->[com.google.firebase:firebase-auth:23.0.0] AndroidManifest.xml:34:13-72
99            <intent-filter>
99-->[com.google.firebase:firebase-auth:23.0.0] AndroidManifest.xml:35:13-45:29
100                <action android:name="android.intent.action.VIEW" />
100-->[com.google.firebase:firebase-auth:23.0.0] AndroidManifest.xml:36:17-69
100-->[com.google.firebase:firebase-auth:23.0.0] AndroidManifest.xml:36:25-66
101
102                <category android:name="android.intent.category.DEFAULT" />
102-->[com.google.firebase:firebase-auth:23.0.0] AndroidManifest.xml:38:17-76
102-->[com.google.firebase:firebase-auth:23.0.0] AndroidManifest.xml:38:27-73
103                <category android:name="android.intent.category.BROWSABLE" />
103-->[com.google.firebase:firebase-auth:23.0.0] AndroidManifest.xml:39:17-78
103-->[com.google.firebase:firebase-auth:23.0.0] AndroidManifest.xml:39:27-75
104
105                <data
105-->[com.google.firebase:firebase-auth:23.0.0] AndroidManifest.xml:41:17-44:51
106                    android:host="firebase.auth"
106-->[com.google.firebase:firebase-auth:23.0.0] AndroidManifest.xml:42:21-49
107                    android:path="/"
107-->[com.google.firebase:firebase-auth:23.0.0] AndroidManifest.xml:43:21-37
108                    android:scheme="genericidp" />
108-->[com.google.firebase:firebase-auth:23.0.0] AndroidManifest.xml:44:21-48
109            </intent-filter>
110        </activity>
111        <activity
111-->[com.google.firebase:firebase-auth:23.0.0] AndroidManifest.xml:47:9-64:20
112            android:name="com.google.firebase.auth.internal.RecaptchaActivity"
112-->[com.google.firebase:firebase-auth:23.0.0] AndroidManifest.xml:48:13-79
113            android:excludeFromRecents="true"
113-->[com.google.firebase:firebase-auth:23.0.0] AndroidManifest.xml:49:13-46
114            android:exported="true"
114-->[com.google.firebase:firebase-auth:23.0.0] AndroidManifest.xml:50:13-36
115            android:launchMode="singleTask"
115-->[com.google.firebase:firebase-auth:23.0.0] AndroidManifest.xml:51:13-44
116            android:theme="@android:style/Theme.Translucent.NoTitleBar" >
116-->[com.google.firebase:firebase-auth:23.0.0] AndroidManifest.xml:52:13-72
117            <intent-filter>
117-->[com.google.firebase:firebase-auth:23.0.0] AndroidManifest.xml:53:13-63:29
118                <action android:name="android.intent.action.VIEW" />
118-->[com.google.firebase:firebase-auth:23.0.0] AndroidManifest.xml:36:17-69
118-->[com.google.firebase:firebase-auth:23.0.0] AndroidManifest.xml:36:25-66
119
120                <category android:name="android.intent.category.DEFAULT" />
120-->[com.google.firebase:firebase-auth:23.0.0] AndroidManifest.xml:38:17-76
120-->[com.google.firebase:firebase-auth:23.0.0] AndroidManifest.xml:38:27-73
121                <category android:name="android.intent.category.BROWSABLE" />
121-->[com.google.firebase:firebase-auth:23.0.0] AndroidManifest.xml:39:17-78
121-->[com.google.firebase:firebase-auth:23.0.0] AndroidManifest.xml:39:27-75
122
123                <data
123-->[com.google.firebase:firebase-auth:23.0.0] AndroidManifest.xml:41:17-44:51
124                    android:host="firebase.auth"
124-->[com.google.firebase:firebase-auth:23.0.0] AndroidManifest.xml:42:21-49
125                    android:path="/"
125-->[com.google.firebase:firebase-auth:23.0.0] AndroidManifest.xml:43:21-37
126                    android:scheme="recaptcha" />
126-->[com.google.firebase:firebase-auth:23.0.0] AndroidManifest.xml:44:21-48
127            </intent-filter>
128        </activity>
129
130        <service
130-->[com.google.firebase:firebase-auth:23.0.0] AndroidManifest.xml:66:9-72:19
131            android:name="com.google.firebase.components.ComponentDiscoveryService"
131-->[com.google.firebase:firebase-auth:23.0.0] AndroidManifest.xml:67:13-84
132            android:directBootAware="true"
132-->[com.google.firebase:firebase-common:21.0.0] AndroidManifest.xml:32:13-43
133            android:exported="false" >
133-->[com.google.firebase:firebase-auth:23.0.0] AndroidManifest.xml:68:13-37
134            <meta-data
134-->[com.google.firebase:firebase-auth:23.0.0] AndroidManifest.xml:69:13-71:85
135                android:name="com.google.firebase.components:com.google.firebase.auth.FirebaseAuthRegistrar"
135-->[com.google.firebase:firebase-auth:23.0.0] AndroidManifest.xml:70:17-109
136                android:value="com.google.firebase.components.ComponentRegistrar" />
136-->[com.google.firebase:firebase-auth:23.0.0] AndroidManifest.xml:71:17-82
137            <meta-data
137-->[com.google.firebase:firebase-analytics-ktx:22.0.2] AndroidManifest.xml:11:13-13:85
138                android:name="com.google.firebase.components:com.google.firebase.analytics.ktx.FirebaseAnalyticsLegacyRegistrar"
138-->[com.google.firebase:firebase-analytics-ktx:22.0.2] AndroidManifest.xml:12:17-129
139                android:value="com.google.firebase.components.ComponentRegistrar" />
139-->[com.google.firebase:firebase-analytics-ktx:22.0.2] AndroidManifest.xml:13:17-82
140            <meta-data
140-->[com.google.firebase:firebase-crashlytics:19.0.3] AndroidManifest.xml:15:13-17:85
141                android:name="com.google.firebase.components:com.google.firebase.crashlytics.FirebaseCrashlyticsKtxRegistrar"
141-->[com.google.firebase:firebase-crashlytics:19.0.3] AndroidManifest.xml:16:17-126
142                android:value="com.google.firebase.components.ComponentRegistrar" />
142-->[com.google.firebase:firebase-crashlytics:19.0.3] AndroidManifest.xml:17:17-82
143            <meta-data
143-->[com.google.firebase:firebase-crashlytics:19.0.3] AndroidManifest.xml:18:13-20:85
144                android:name="com.google.firebase.components:com.google.firebase.crashlytics.CrashlyticsRegistrar"
144-->[com.google.firebase:firebase-crashlytics:19.0.3] AndroidManifest.xml:19:17-115
145                android:value="com.google.firebase.components.ComponentRegistrar" />
145-->[com.google.firebase:firebase-crashlytics:19.0.3] AndroidManifest.xml:20:17-82
146            <meta-data
146-->[com.google.firebase:firebase-sessions:2.0.3] AndroidManifest.xml:29:13-31:85
147                android:name="com.google.firebase.components:com.google.firebase.sessions.FirebaseSessionsRegistrar"
147-->[com.google.firebase:firebase-sessions:2.0.3] AndroidManifest.xml:30:17-117
148                android:value="com.google.firebase.components.ComponentRegistrar" />
148-->[com.google.firebase:firebase-sessions:2.0.3] AndroidManifest.xml:31:17-82
149            <meta-data
149-->[com.google.android.gms:play-services-measurement-api:22.0.2] AndroidManifest.xml:37:13-39:85
150                android:name="com.google.firebase.components:com.google.firebase.analytics.connector.internal.AnalyticsConnectorRegistrar"
150-->[com.google.android.gms:play-services-measurement-api:22.0.2] AndroidManifest.xml:38:17-139
151                android:value="com.google.firebase.components.ComponentRegistrar" />
151-->[com.google.android.gms:play-services-measurement-api:22.0.2] AndroidManifest.xml:39:17-82
152            <meta-data
152-->[com.google.firebase:firebase-installations:18.0.0] AndroidManifest.xml:15:13-17:85
153                android:name="com.google.firebase.components:com.google.firebase.installations.FirebaseInstallationsKtxRegistrar"
153-->[com.google.firebase:firebase-installations:18.0.0] AndroidManifest.xml:16:17-130
154                android:value="com.google.firebase.components.ComponentRegistrar" />
154-->[com.google.firebase:firebase-installations:18.0.0] AndroidManifest.xml:17:17-82
155            <meta-data
155-->[com.google.firebase:firebase-installations:18.0.0] AndroidManifest.xml:18:13-20:85
156                android:name="com.google.firebase.components:com.google.firebase.installations.FirebaseInstallationsRegistrar"
156-->[com.google.firebase:firebase-installations:18.0.0] AndroidManifest.xml:19:17-127
157                android:value="com.google.firebase.components.ComponentRegistrar" />
157-->[com.google.firebase:firebase-installations:18.0.0] AndroidManifest.xml:20:17-82
158            <meta-data
158-->[com.google.firebase:firebase-common-ktx:21.0.0] AndroidManifest.xml:12:13-14:85
159                android:name="com.google.firebase.components:com.google.firebase.ktx.FirebaseCommonLegacyRegistrar"
159-->[com.google.firebase:firebase-common-ktx:21.0.0] AndroidManifest.xml:13:17-116
160                android:value="com.google.firebase.components.ComponentRegistrar" />
160-->[com.google.firebase:firebase-common-ktx:21.0.0] AndroidManifest.xml:14:17-82
161            <meta-data
161-->[com.google.firebase:firebase-common:21.0.0] AndroidManifest.xml:35:13-37:85
162                android:name="com.google.firebase.components:com.google.firebase.FirebaseCommonKtxRegistrar"
162-->[com.google.firebase:firebase-common:21.0.0] AndroidManifest.xml:36:17-109
163                android:value="com.google.firebase.components.ComponentRegistrar" />
163-->[com.google.firebase:firebase-common:21.0.0] AndroidManifest.xml:37:17-82
164            <meta-data
164-->[com.google.firebase:firebase-datatransport:19.0.0] AndroidManifest.xml:25:13-27:85
165                android:name="com.google.firebase.components:com.google.firebase.datatransport.TransportRegistrar"
165-->[com.google.firebase:firebase-datatransport:19.0.0] AndroidManifest.xml:26:17-115
166                android:value="com.google.firebase.components.ComponentRegistrar" />
166-->[com.google.firebase:firebase-datatransport:19.0.0] AndroidManifest.xml:27:17-82
167        </service>
168        <service
168-->[com.google.firebase:firebase-sessions:2.0.3] AndroidManifest.xml:22:9-25:40
169            android:name="com.google.firebase.sessions.SessionLifecycleService"
169-->[com.google.firebase:firebase-sessions:2.0.3] AndroidManifest.xml:23:13-80
170            android:enabled="true"
170-->[com.google.firebase:firebase-sessions:2.0.3] AndroidManifest.xml:24:13-35
171            android:exported="false" />
171-->[com.google.firebase:firebase-sessions:2.0.3] AndroidManifest.xml:25:13-37
172
173        <property
173-->[com.google.android.gms:play-services-measurement-api:22.0.2] AndroidManifest.xml:30:9-32:61
174            android:name="android.adservices.AD_SERVICES_CONFIG"
174-->[com.google.android.gms:play-services-measurement-api:22.0.2] AndroidManifest.xml:31:13-65
175            android:resource="@xml/ga_ad_services_config" />
175-->[com.google.android.gms:play-services-measurement-api:22.0.2] AndroidManifest.xml:32:13-58
176
177        <provider
177-->[com.google.firebase:firebase-common:21.0.0] AndroidManifest.xml:23:9-28:39
178            android:name="com.google.firebase.provider.FirebaseInitProvider"
178-->[com.google.firebase:firebase-common:21.0.0] AndroidManifest.xml:24:13-77
179            android:authorities="com.buddingintents.promptgen.firebaseinitprovider"
179-->[com.google.firebase:firebase-common:21.0.0] AndroidManifest.xml:25:13-72
180            android:directBootAware="true"
180-->[com.google.firebase:firebase-common:21.0.0] AndroidManifest.xml:26:13-43
181            android:exported="false"
181-->[com.google.firebase:firebase-common:21.0.0] AndroidManifest.xml:27:13-37
182            android:initOrder="100" /> <!-- Include the AdActivity and InAppPurchaseActivity configChanges and themes. -->
182-->[com.google.firebase:firebase-common:21.0.0] AndroidManifest.xml:28:13-36
183        <activity
183-->[com.google.android.gms:play-services-ads-api:24.6.0] AndroidManifest.xml:73:9-79:43
184            android:name="com.google.android.gms.ads.AdActivity"
184-->[com.google.android.gms:play-services-ads-api:24.6.0] AndroidManifest.xml:74:13-65
185            android:configChanges="keyboard|keyboardHidden|orientation|screenLayout|uiMode|screenSize|smallestScreenSize"
185-->[com.google.android.gms:play-services-ads-api:24.6.0] AndroidManifest.xml:75:13-122
186            android:enableOnBackInvokedCallback="false"
186-->[com.google.android.gms:play-services-ads-api:24.6.0] AndroidManifest.xml:76:13-56
187            android:exported="false"
187-->[com.google.android.gms:play-services-ads-api:24.6.0] AndroidManifest.xml:77:13-37
188            android:theme="@android:style/Theme.Translucent" />
188-->[com.google.android.gms:play-services-ads-api:24.6.0] AndroidManifest.xml:78:13-61
189
190        <provider
190-->[com.google.android.gms:play-services-ads-api:24.6.0] AndroidManifest.xml:81:9-86:43
191            android:name="com.google.android.gms.ads.MobileAdsInitProvider"
191-->[com.google.android.gms:play-services-ads-api:24.6.0] AndroidManifest.xml:82:13-76
192            android:authorities="com.buddingintents.promptgen.mobileadsinitprovider"
192-->[com.google.android.gms:play-services-ads-api:24.6.0] AndroidManifest.xml:83:13-73
193            android:exported="false"
193-->[com.google.android.gms:play-services-ads-api:24.6.0] AndroidManifest.xml:84:13-37
194            android:initOrder="100" />
194-->[com.google.android.gms:play-services-ads-api:24.6.0] AndroidManifest.xml:85:13-36
195
196        <service
196-->[com.google.android.gms:play-services-ads-api:24.6.0] AndroidManifest.xml:88:9-92:43
197            android:name="com.google.android.gms.ads.AdService"
197-->[com.google.android.gms:play-services-ads-api:24.6.0] AndroidManifest.xml:89:13-64
198            android:enabled="true"
198-->[com.google.android.gms:play-services-ads-api:24.6.0] AndroidManifest.xml:90:13-35
199            android:exported="false" />
199-->[com.google.android.gms:play-services-ads-api:24.6.0] AndroidManifest.xml:91:13-37
200
201        <activity
201-->[com.google.android.gms:play-services-ads-api:24.6.0] AndroidManifest.xml:94:9-98:43
202            android:name="com.google.android.gms.ads.OutOfContextTestingActivity"
202-->[com.google.android.gms:play-services-ads-api:24.6.0] AndroidManifest.xml:95:13-82
203            android:configChanges="keyboard|keyboardHidden|orientation|screenLayout|uiMode|screenSize|smallestScreenSize"
203-->[com.google.android.gms:play-services-ads-api:24.6.0] AndroidManifest.xml:96:13-122
204            android:exported="false" />
204-->[com.google.android.gms:play-services-ads-api:24.6.0] AndroidManifest.xml:97:13-37
205        <activity
205-->[com.google.android.gms:play-services-ads-api:24.6.0] AndroidManifest.xml:99:9-106:43
206            android:name="com.google.android.gms.ads.NotificationHandlerActivity"
206-->[com.google.android.gms:play-services-ads-api:24.6.0] AndroidManifest.xml:100:13-82
207            android:excludeFromRecents="true"
207-->[com.google.android.gms:play-services-ads-api:24.6.0] AndroidManifest.xml:101:13-46
208            android:exported="false"
208-->[com.google.android.gms:play-services-ads-api:24.6.0] AndroidManifest.xml:102:13-37
209            android:launchMode="singleTask"
209-->[com.google.android.gms:play-services-ads-api:24.6.0] AndroidManifest.xml:103:13-44
210            android:taskAffinity=""
210-->[com.google.android.gms:play-services-ads-api:24.6.0] AndroidManifest.xml:104:13-36
211            android:theme="@android:style/Theme.Translucent.NoTitleBar" />
211-->[com.google.android.gms:play-services-ads-api:24.6.0] AndroidManifest.xml:105:13-72
212
213        <meta-data
213-->[com.google.android.gms:play-services-ads-api:24.6.0] AndroidManifest.xml:108:9-110:36
214            android:name="com.google.android.gms.ads.flag.OPTIMIZE_AD_LOADING"
214-->[com.google.android.gms:play-services-ads-api:24.6.0] AndroidManifest.xml:109:13-79
215            android:value="true" />
215-->[com.google.android.gms:play-services-ads-api:24.6.0] AndroidManifest.xml:110:13-33
216        <meta-data
216-->[com.google.android.gms:play-services-ads-api:24.6.0] AndroidManifest.xml:111:9-113:36
217            android:name="com.google.android.gms.ads.flag.OPTIMIZE_INITIALIZATION"
217-->[com.google.android.gms:play-services-ads-api:24.6.0] AndroidManifest.xml:112:13-83
218            android:value="true" />
218-->[com.google.android.gms:play-services-ads-api:24.6.0] AndroidManifest.xml:113:13-33
219
220        <receiver
220-->[com.google.android.gms:play-services-measurement:22.0.2] AndroidManifest.xml:29:9-33:20
221            android:name="com.google.android.gms.measurement.AppMeasurementReceiver"
221-->[com.google.android.gms:play-services-measurement:22.0.2] AndroidManifest.xml:30:13-85
222            android:enabled="true"
222-->[com.google.android.gms:play-services-measurement:22.0.2] AndroidManifest.xml:31:13-35
223            android:exported="false" >
223-->[com.google.android.gms:play-services-measurement:22.0.2] AndroidManifest.xml:32:13-37
224        </receiver>
225
226        <service
226-->[com.google.android.gms:play-services-measurement:22.0.2] AndroidManifest.xml:35:9-38:40
227            android:name="com.google.android.gms.measurement.AppMeasurementService"
227-->[com.google.android.gms:play-services-measurement:22.0.2] AndroidManifest.xml:36:13-84
228            android:enabled="true"
228-->[com.google.android.gms:play-services-measurement:22.0.2] AndroidManifest.xml:37:13-35
229            android:exported="false" />
229-->[com.google.android.gms:play-services-measurement:22.0.2] AndroidManifest.xml:38:13-37
230        <service
230-->[com.google.android.gms:play-services-measurement:22.0.2] AndroidManifest.xml:39:9-43:72
231            android:name="com.google.android.gms.measurement.AppMeasurementJobService"
231-->[com.google.android.gms:play-services-measurement:22.0.2] AndroidManifest.xml:40:13-87
232            android:enabled="true"
232-->[com.google.android.gms:play-services-measurement:22.0.2] AndroidManifest.xml:41:13-35
233            android:exported="false"
233-->[com.google.android.gms:play-services-measurement:22.0.2] AndroidManifest.xml:42:13-37
234            android:permission="android.permission.BIND_JOB_SERVICE" />
234-->[com.google.android.gms:play-services-measurement:22.0.2] AndroidManifest.xml:43:13-69
235        <service
235-->[androidx.credentials:credentials-play-services-auth:1.2.0-rc01] AndroidManifest.xml:24:9-32:19
236            android:name="androidx.credentials.playservices.CredentialProviderMetadataHolder"
236-->[androidx.credentials:credentials-play-services-auth:1.2.0-rc01] AndroidManifest.xml:25:13-94
237            android:enabled="true"
237-->[androidx.credentials:credentials-play-services-auth:1.2.0-rc01] AndroidManifest.xml:26:13-35
238            android:exported="false" >
238-->[androidx.credentials:credentials-play-services-auth:1.2.0-rc01] AndroidManifest.xml:27:13-37
239            <meta-data
239-->[androidx.credentials:credentials-play-services-auth:1.2.0-rc01] AndroidManifest.xml:29:13-31:104
240                android:name="androidx.credentials.CREDENTIAL_PROVIDER_KEY"
240-->[androidx.credentials:credentials-play-services-auth:1.2.0-rc01] AndroidManifest.xml:30:17-76
241                android:value="androidx.credentials.playservices.CredentialProviderPlayServicesImpl" />
241-->[androidx.credentials:credentials-play-services-auth:1.2.0-rc01] AndroidManifest.xml:31:17-101
242        </service>
243
244        <activity
244-->[androidx.credentials:credentials-play-services-auth:1.2.0-rc01] AndroidManifest.xml:34:9-41:20
245            android:name="androidx.credentials.playservices.HiddenActivity"
245-->[androidx.credentials:credentials-play-services-auth:1.2.0-rc01] AndroidManifest.xml:35:13-76
246            android:configChanges="orientation|screenSize|screenLayout|keyboardHidden"
246-->[androidx.credentials:credentials-play-services-auth:1.2.0-rc01] AndroidManifest.xml:36:13-87
247            android:enabled="true"
247-->[androidx.credentials:credentials-play-services-auth:1.2.0-rc01] AndroidManifest.xml:37:13-35
248            android:exported="false"
248-->[androidx.credentials:credentials-play-services-auth:1.2.0-rc01] AndroidManifest.xml:38:13-37
249            android:fitsSystemWindows="true"
249-->[androidx.credentials:credentials-play-services-auth:1.2.0-rc01] AndroidManifest.xml:39:13-45
250            android:theme="@style/Theme.Hidden" >
250-->[androidx.credentials:credentials-play-services-auth:1.2.0-rc01] AndroidManifest.xml:40:13-48
251        </activity>